<?xml version='1.0' encoding='UTF-8'?>
<testsuite hostname="raj-Kudu" name="questions.AirTrafficProcessorTest" tests="12" errors="0" failures="2" skipped="0" time="8.022">
                     <properties>
[...]
</properties>
                     <testcase classname="questions.AirTrafficProcessorTest" name="loadDataAndRegister should load the csv file register it as a table 'airtraffic' and finally return a DataFrame" time="0.482">
                                                 
                                               </testcase><testcase classname="questions.AirTrafficProcessorTest" name="flightCount should calculate the total flighttime per airplane" time="1.331">
                                                 
                                               </testcase><testcase classname="questions.AirTrafficProcessorTest" name="cancelledDueToSecurity should produce a DataFrame having all of the flights which were cancelled due to security" time="0.135">
                                                 
                                               </testcase><testcase classname="questions.AirTrafficProcessorTest" name="longestWeatherDelay should calculate the maximux weather delay" time="0.109">
                                                 
                                               </testcase><testcase classname="questions.AirTrafficProcessorTest" name="didNotFly should calculate which airliners didn't fly" time="1.572">
                                                 
                                               </testcase><testcase classname="questions.AirTrafficProcessorTest" name="flightsFromVegasToJFK should tell which airliners travel from Vegas to JFK and how often" time="0.424">
                                                 
                                               </testcase><testcase classname="questions.AirTrafficProcessorTest" name="timeSpentTaxiing should tell by airport how long airplanes taxi by average" time="0.664">
                                                 <failure message="Array((PIT,5.0), (CVG,6.166666666666667), (ATL,9.0), (TPA,9.25), (LGA,10.0), (BWI,11.0), (MCO,11.0), (SNA,14.5), (SLC,14.5), (PHL,17.0)) did not equal Array((CVG,6.166666666666667), (TPA,9.25), (SNA,14.5), (SLC,14.5))" type="org.scalatest.exceptions.TestFailedException">org.scalatest.exceptions.TestFailedException: Array((PIT,5.0), (CVG,6.166666666666667), (ATL,9.0), (TPA,9.25), (LGA,10.0), (BWI,11.0), (MCO,11.0), (SNA,14.5), (SLC,14.5), (PHL,17.0)) did not equal Array((CVG,6.166666666666667), (TPA,9.25), (SNA,14.5), (SLC,14.5))
	at org.scalatest.MatchersHelper$.newTestFailedException(MatchersHelper.scala:160)
	at org.scalatest.Matchers$ShouldMethodHelper$.shouldMatcher(Matchers.scala:5980)
	at org.scalatest.Matchers$AnyShouldWrapper.should(Matchers.scala:6026)
	at questions.AirTrafficProcessorTest$$anonfun$7.apply$mcV$sp(AirTrafficProcessorTest.scala:108)
	at questions.AirTrafficProcessorTest$$anonfun$7.apply(AirTrafficProcessorTest.scala:106)
	at questions.AirTrafficProcessorTest$$anonfun$7.apply(AirTrafficProcessorTest.scala:106)
	at org.scalatest.Transformer$$anonfun$apply$1.apply(Transformer.scala:22)
	at org.scalatest.Transformer$$anonfun$apply$1.apply(Transformer.scala:22)
	at org.scalatest.OutcomeOf$class.outcomeOf(OutcomeOf.scala:85)
	at org.scalatest.OutcomeOf$.outcomeOf(OutcomeOf.scala:104)
	at org.scalatest.Transformer.apply(Transformer.scala:22)
	at org.scalatest.Transformer.apply(Transformer.scala:20)
	at org.scalatest.FlatSpecLike$$anon$1.apply(FlatSpecLike.scala:1636)
	at org.scalatest.Suite$class.withFixture(Suite.scala:1121)
	at questions.AirTrafficProcessorTest.org$scalatest$concurrent$TimeLimitedTests$$super$withFixture(AirTrafficProcessorTest.scala:24)
	at org.scalatest.concurrent.TimeLimitedTests$$anonfun$withFixture$1.apply(TimeLimitedTests.scala:136)
	at org.scalatest.concurrent.TimeLimitedTests$$anonfun$withFixture$1.apply(TimeLimitedTests.scala:136)
	at org.scalatest.concurrent.Timeouts$class.timeoutAfter(Timeouts.scala:326)
	at org.scalatest.concurrent.Timeouts$class.failAfter(Timeouts.scala:245)
	at org.scalatest.concurrent.Timeouts$.failAfter(Timeouts.scala:358)
	at org.scalatest.concurrent.TimeLimitedTests$class.withFixture(TimeLimitedTests.scala:137)
	at questions.AirTrafficProcessorTest.withFixture(AirTrafficProcessorTest.scala:24)
	at org.scalatest.FlatSpecLike$class.invokeWithFixture$1(FlatSpecLike.scala:1633)
	at org.scalatest.FlatSpecLike$$anonfun$runTest$1.apply(FlatSpecLike.scala:1645)
	at org.scalatest.FlatSpecLike$$anonfun$runTest$1.apply(FlatSpecLike.scala:1645)
	at org.scalatest.SuperEngine.runTestImpl(Engine.scala:306)
	at org.scalatest.FlatSpecLike$class.runTest(FlatSpecLike.scala:1645)
	at org.scalatest.FlatSpec.runTest(FlatSpec.scala:1683)
	at org.scalatest.FlatSpecLike$$anonfun$runTests$1.apply(FlatSpecLike.scala:1703)
	at org.scalatest.FlatSpecLike$$anonfun$runTests$1.apply(FlatSpecLike.scala:1703)
	at org.scalatest.SuperEngine$$anonfun$traverseSubNodes$1$1.apply(Engine.scala:413)
	at org.scalatest.SuperEngine$$anonfun$traverseSubNodes$1$1.apply(Engine.scala:401)
	at scala.collection.immutable.List.foreach(List.scala:318)
	at org.scalatest.SuperEngine.traverseSubNodes$1(Engine.scala:401)
	at org.scalatest.SuperEngine.org$scalatest$SuperEngine$$runTestsInBranch(Engine.scala:390)
	at org.scalatest.SuperEngine$$anonfun$traverseSubNodes$1$1.apply(Engine.scala:427)
	at org.scalatest.SuperEngine$$anonfun$traverseSubNodes$1$1.apply(Engine.scala:401)
	at scala.collection.immutable.List.foreach(List.scala:318)
	at org.scalatest.SuperEngine.traverseSubNodes$1(Engine.scala:401)
	at org.scalatest.SuperEngine.org$scalatest$SuperEngine$$runTestsInBranch(Engine.scala:396)
	at org.scalatest.SuperEngine.runTestsImpl(Engine.scala:483)
	at org.scalatest.FlatSpecLike$class.runTests(FlatSpecLike.scala:1703)
	at org.scalatest.FlatSpec.runTests(FlatSpec.scala:1683)
	at org.scalatest.Suite$class.run(Suite.scala:1423)
	at org.scalatest.FlatSpec.org$scalatest$FlatSpecLike$$super$run(FlatSpec.scala:1683)
	at org.scalatest.FlatSpecLike$$anonfun$run$1.apply(FlatSpecLike.scala:1749)
	at org.scalatest.FlatSpecLike$$anonfun$run$1.apply(FlatSpecLike.scala:1749)
	at org.scalatest.SuperEngine.runImpl(Engine.scala:545)
	at org.scalatest.FlatSpecLike$class.run(FlatSpecLike.scala:1749)
	at org.scalatest.FlatSpec.run(FlatSpec.scala:1683)
	at org.scalatest.tools.Framework.org$scalatest$tools$Framework$$runSuite(Framework.scala:444)
	at org.scalatest.tools.Framework$ScalaTestTask.execute(Framework.scala:651)
	at sbt.TestRunner.runTest$1(TestFramework.scala:76)
	at sbt.TestRunner.run(TestFramework.scala:85)
	at sbt.TestFramework$$anon$2$$anonfun$$init$$1$$anonfun$apply$8.apply(TestFramework.scala:202)
	at sbt.TestFramework$$anon$2$$anonfun$$init$$1$$anonfun$apply$8.apply(TestFramework.scala:202)
	at sbt.TestFramework$.sbt$TestFramework$$withContextLoader(TestFramework.scala:185)
	at sbt.TestFramework$$anon$2$$anonfun$$init$$1.apply(TestFramework.scala:202)
	at sbt.TestFramework$$anon$2$$anonfun$$init$$1.apply(TestFramework.scala:202)
	at sbt.TestFunction.apply(TestFramework.scala:207)
	at sbt.Tests$$anonfun$9.apply(Tests.scala:216)
	at sbt.Tests$$anonfun$9.apply(Tests.scala:216)
	at sbt.std.Transform$$anon$3$$anonfun$apply$2.apply(System.scala:44)
	at sbt.std.Transform$$anon$3$$anonfun$apply$2.apply(System.scala:44)
	at sbt.std.Transform$$anon$4.work(System.scala:63)
	at sbt.Execute$$anonfun$submit$1$$anonfun$apply$1.apply(Execute.scala:228)
	at sbt.Execute$$anonfun$submit$1$$anonfun$apply$1.apply(Execute.scala:228)
	at sbt.ErrorHandling$.wideConvert(ErrorHandling.scala:17)
	at sbt.Execute.work(Execute.scala:237)
	at sbt.Execute$$anonfun$submit$1.apply(Execute.scala:228)
	at sbt.Execute$$anonfun$submit$1.apply(Execute.scala:228)
	at sbt.ConcurrentRestrictions$$anon$4$$anonfun$1.apply(ConcurrentRestrictions.scala:159)
	at sbt.CompletionService$$anon$2.call(CompletionService.scala:28)
	at java.util.concurrent.FutureTask.run(FutureTask.java:266)
	at java.util.concurrent.Executors$RunnableAdapter.call(Executors.java:511)
	at java.util.concurrent.FutureTask.run(FutureTask.java:266)
	at java.util.concurrent.ThreadPoolExecutor.runWorker(ThreadPoolExecutor.java:1149)
	at java.util.concurrent.ThreadPoolExecutor$Worker.run(ThreadPoolExecutor.java:624)
	at java.lang.Thread.run(Thread.java:748)
</failure>
                                               </testcase><testcase classname="questions.AirTrafficProcessorTest" name="distanceMedian should calculate median distance" time="0.162">
                                                 
                                               </testcase><testcase classname="questions.AirTrafficProcessorTest" name="score95 should calculate CarrierDelay below which are 95% of the observations" time="0.048">
                                                 
                                               </testcase><testcase classname="questions.AirTrafficProcessorTest" name="cancelledFlights should tell how likely is it that flight will be cancelled in a specific airport" time="1.202">
                                                 
                                               </testcase><testcase classname="questions.AirTrafficProcessorTest" name="leastSquares should estimate the WeatherDelay" time="1.121">
                                                 
                                               </testcase><testcase classname="questions.AirTrafficProcessorTest" name="runningAverage should calculate the running average for DepDelay" time="0.772">
                                                 <failure message="Array([2008-05-10,3.7]) did not equal Array([2008-05-10,3.7])" type="org.scalatest.exceptions.TestFailedException">org.scalatest.exceptions.TestFailedException: Array([2008-05-10,3.7]) did not equal Array([2008-05-10,3.7])
	at org.scalatest.MatchersHelper$.newTestFailedException(MatchersHelper.scala:160)
	at org.scalatest.Matchers$ShouldMethodHelper$.shouldMatcher(Matchers.scala:5980)
	at org.scalatest.Matchers$AnyShouldWrapper.should(Matchers.scala:6026)
	at questions.AirTrafficProcessorTest$$anonfun$12.apply$mcV$sp(AirTrafficProcessorTest.scala:131)
	at questions.AirTrafficProcessorTest$$anonfun$12.apply(AirTrafficProcessorTest.scala:131)
	at questions.AirTrafficProcessorTest$$anonfun$12.apply(AirTrafficProcessorTest.scala:131)
	at org.scalatest.Transformer$$anonfun$apply$1.apply(Transformer.scala:22)
	at org.scalatest.Transformer$$anonfun$apply$1.apply(Transformer.scala:22)
	at org.scalatest.OutcomeOf$class.outcomeOf(OutcomeOf.scala:85)
	at org.scalatest.OutcomeOf$.outcomeOf(OutcomeOf.scala:104)
	at org.scalatest.Transformer.apply(Transformer.scala:22)
	at org.scalatest.Transformer.apply(Transformer.scala:20)
	at org.scalatest.FlatSpecLike$$anon$1.apply(FlatSpecLike.scala:1636)
	at org.scalatest.Suite$class.withFixture(Suite.scala:1121)
	at questions.AirTrafficProcessorTest.org$scalatest$concurrent$TimeLimitedTests$$super$withFixture(AirTrafficProcessorTest.scala:24)
	at org.scalatest.concurrent.TimeLimitedTests$$anonfun$withFixture$1.apply(TimeLimitedTests.scala:136)
	at org.scalatest.concurrent.TimeLimitedTests$$anonfun$withFixture$1.apply(TimeLimitedTests.scala:136)
	at org.scalatest.concurrent.Timeouts$class.timeoutAfter(Timeouts.scala:326)
	at org.scalatest.concurrent.Timeouts$class.failAfter(Timeouts.scala:245)
	at org.scalatest.concurrent.Timeouts$.failAfter(Timeouts.scala:358)
	at org.scalatest.concurrent.TimeLimitedTests$class.withFixture(TimeLimitedTests.scala:137)
	at questions.AirTrafficProcessorTest.withFixture(AirTrafficProcessorTest.scala:24)
	at org.scalatest.FlatSpecLike$class.invokeWithFixture$1(FlatSpecLike.scala:1633)
	at org.scalatest.FlatSpecLike$$anonfun$runTest$1.apply(FlatSpecLike.scala:1645)
	at org.scalatest.FlatSpecLike$$anonfun$runTest$1.apply(FlatSpecLike.scala:1645)
	at org.scalatest.SuperEngine.runTestImpl(Engine.scala:306)
	at org.scalatest.FlatSpecLike$class.runTest(FlatSpecLike.scala:1645)
	at org.scalatest.FlatSpec.runTest(FlatSpec.scala:1683)
	at org.scalatest.FlatSpecLike$$anonfun$runTests$1.apply(FlatSpecLike.scala:1703)
	at org.scalatest.FlatSpecLike$$anonfun$runTests$1.apply(FlatSpecLike.scala:1703)
	at org.scalatest.SuperEngine$$anonfun$traverseSubNodes$1$1.apply(Engine.scala:413)
	at org.scalatest.SuperEngine$$anonfun$traverseSubNodes$1$1.apply(Engine.scala:401)
	at scala.collection.immutable.List.foreach(List.scala:318)
	at org.scalatest.SuperEngine.traverseSubNodes$1(Engine.scala:401)
	at org.scalatest.SuperEngine.org$scalatest$SuperEngine$$runTestsInBranch(Engine.scala:390)
	at org.scalatest.SuperEngine$$anonfun$traverseSubNodes$1$1.apply(Engine.scala:427)
	at org.scalatest.SuperEngine$$anonfun$traverseSubNodes$1$1.apply(Engine.scala:401)
	at scala.collection.immutable.List.foreach(List.scala:318)
	at org.scalatest.SuperEngine.traverseSubNodes$1(Engine.scala:401)
	at org.scalatest.SuperEngine.org$scalatest$SuperEngine$$runTestsInBranch(Engine.scala:396)
	at org.scalatest.SuperEngine.runTestsImpl(Engine.scala:483)
	at org.scalatest.FlatSpecLike$class.runTests(FlatSpecLike.scala:1703)
	at org.scalatest.FlatSpec.runTests(FlatSpec.scala:1683)
	at org.scalatest.Suite$class.run(Suite.scala:1423)
	at org.scalatest.FlatSpec.org$scalatest$FlatSpecLike$$super$run(FlatSpec.scala:1683)
	at org.scalatest.FlatSpecLike$$anonfun$run$1.apply(FlatSpecLike.scala:1749)
	at org.scalatest.FlatSpecLike$$anonfun$run$1.apply(FlatSpecLike.scala:1749)
	at org.scalatest.SuperEngine.runImpl(Engine.scala:545)
	at org.scalatest.FlatSpecLike$class.run(FlatSpecLike.scala:1749)
	at org.scalatest.FlatSpec.run(FlatSpec.scala:1683)
	at org.scalatest.tools.Framework.org$scalatest$tools$Framework$$runSuite(Framework.scala:444)
	at org.scalatest.tools.Framework$ScalaTestTask.execute(Framework.scala:651)
	at sbt.TestRunner.runTest$1(TestFramework.scala:76)
	at sbt.TestRunner.run(TestFramework.scala:85)
	at sbt.TestFramework$$anon$2$$anonfun$$init$$1$$anonfun$apply$8.apply(TestFramework.scala:202)
	at sbt.TestFramework$$anon$2$$anonfun$$init$$1$$anonfun$apply$8.apply(TestFramework.scala:202)
	at sbt.TestFramework$.sbt$TestFramework$$withContextLoader(TestFramework.scala:185)
	at sbt.TestFramework$$anon$2$$anonfun$$init$$1.apply(TestFramework.scala:202)
	at sbt.TestFramework$$anon$2$$anonfun$$init$$1.apply(TestFramework.scala:202)
	at sbt.TestFunction.apply(TestFramework.scala:207)
	at sbt.Tests$$anonfun$9.apply(Tests.scala:216)
	at sbt.Tests$$anonfun$9.apply(Tests.scala:216)
	at sbt.std.Transform$$anon$3$$anonfun$apply$2.apply(System.scala:44)
	at sbt.std.Transform$$anon$3$$anonfun$apply$2.apply(System.scala:44)
	at sbt.std.Transform$$anon$4.work(System.scala:63)
	at sbt.Execute$$anonfun$submit$1$$anonfun$apply$1.apply(Execute.scala:228)
	at sbt.Execute$$anonfun$submit$1$$anonfun$apply$1.apply(Execute.scala:228)
	at sbt.ErrorHandling$.wideConvert(ErrorHandling.scala:17)
	at sbt.Execute.work(Execute.scala:237)
	at sbt.Execute$$anonfun$submit$1.apply(Execute.scala:228)
	at sbt.Execute$$anonfun$submit$1.apply(Execute.scala:228)
	at sbt.ConcurrentRestrictions$$anon$4$$anonfun$1.apply(ConcurrentRestrictions.scala:159)
	at sbt.CompletionService$$anon$2.call(CompletionService.scala:28)
	at java.util.concurrent.FutureTask.run(FutureTask.java:266)
	at java.util.concurrent.Executors$RunnableAdapter.call(Executors.java:511)
	at java.util.concurrent.FutureTask.run(FutureTask.java:266)
	at java.util.concurrent.ThreadPoolExecutor.runWorker(ThreadPoolExecutor.java:1149)
	at java.util.concurrent.ThreadPoolExecutor$Worker.run(ThreadPoolExecutor.java:624)
	at java.lang.Thread.run(Thread.java:748)
</failure>
                                               </testcase>
                     <system-out></system-out>
                     <system-err></system-err>
                   </testsuite>